<?xml version="1.0" encoding="UTF-8"?>
<!-- Generated by org.testng.reporters.JUnitXMLReporter -->
<testsuite ignored="0" hostname="DESKTOP-IODLSC9" failures="0" tests="4" name="Test" time="0.135" errors="0" timestamp="2024-05-07T21:04:11 IST">
  <testcase classname="testCases.A" name="enterUrl" time="0.016"/>
  <testcase classname="testCases.A" name="launchBrowser" time="0.012"/>
  <testcase classname="testCases.AnnoationsPractice" name="m1" time="0.007"/>
  <testcase classname="testCases.AnnoationsPractice" name="z1" time="0.002"/>
</testsuite> <!-- Test -->
