<?xml version="1.0" encoding="UTF-8"?>
<testng-results ignored="0" total="1" passed="1" failed="0" skipped="0">
  <reporter-output>
  </reporter-output>
  <suite started-at="2024-05-20T07:51:38 IST" name="Default suite" finished-at="2024-05-20T07:51:59 IST" duration-ms="20502">
    <groups>
    </groups>
    <test started-at="2024-05-20T07:51:38 IST" name="Default test" finished-at="2024-05-20T07:51:59 IST" duration-ms="20502">
      <class name="testCases.HandlingWindows">
        <test-method signature="handlingWindow()[pri:0, instance:testCases.HandlingWindows@2f7298b]" started-at="2024-05-20T07:51:38 IST" name="handlingWindow" finished-at="2024-05-20T07:51:59 IST" duration-ms="20417" status="PASS">
          <reporter-output>
          </reporter-output>
        </test-method> <!-- handlingWindow -->
      </class> <!-- testCases.HandlingWindows -->
    </test> <!-- Default test -->
  </suite> <!-- Default suite -->
</testng-results>
